Analysis & Synthesis report for HarvardArch
Wed May 20 17:46:23 2020
Quartus Prime Version 18.1.0 Build 625 09/12/2018 SJ Standard Edition


---------------------
; Table of Contents ;
---------------------
  1. Legal Notice
  2. Analysis & Synthesis Summary
  3. Analysis & Synthesis Settings
  4. Parallel Compilation
  5. Analysis & Synthesis Source Files Read
  6. Analysis & Synthesis Resource Usage Summary
  7. Analysis & Synthesis Resource Utilization by Entity
  8. General Register Statistics
  9. Post-Synthesis Netlist Statistics for Top Partition
 10. Elapsed Time Per Partition
 11. Analysis & Synthesis Messages



----------------
; Legal Notice ;
----------------
Copyright (C) 2018  Intel Corporation. All rights reserved.
Your use of Intel Corporation's design tools, logic functions 
and other software and tools, and its AMPP partner logic 
functions, and any output files from any of the foregoing 
(including device programming or simulation files), and any 
associated documentation or information are expressly subject 
to the terms and conditions of the Intel Program License 
Subscription Agreement, the Intel Quartus Prime License Agreement,
the Intel FPGA IP License Agreement, or other applicable license
agreement, including, without limitation, that your use is for
the sole purpose of programming logic devices manufactured by
Intel and sold by Intel or its authorized distributors.  Please
refer to the applicable agreement for further details.



+-----------------------------------------------------------------------------------+
; Analysis & Synthesis Summary                                                      ;
+---------------------------------+-------------------------------------------------+
; Analysis & Synthesis Status     ; Successful - Wed May 20 17:46:23 2020           ;
; Quartus Prime Version           ; 18.1.0 Build 625 09/12/2018 SJ Standard Edition ;
; Revision Name                   ; HarvardArch                                     ;
; Top-level Entity Name           ; multiplier_min_gates                            ;
; Family                          ; Cyclone V                                       ;
; Logic utilization (in ALMs)     ; N/A                                             ;
; Total registers                 ; 0                                               ;
; Total pins                      ; 48                                              ;
; Total virtual pins              ; 0                                               ;
; Total block memory bits         ; 0                                               ;
; Total DSP Blocks                ; 0                                               ;
; Total HSSI RX PCSs              ; 0                                               ;
; Total HSSI PMA RX Deserializers ; 0                                               ;
; Total HSSI TX PCSs              ; 0                                               ;
; Total HSSI PMA TX Serializers   ; 0                                               ;
; Total PLLs                      ; 0                                               ;
; Total DLLs                      ; 0                                               ;
+---------------------------------+-------------------------------------------------+


+-----------------------------------------------------------------------------------------------------------------------------+
; Analysis & Synthesis Settings                                                                                               ;
+---------------------------------------------------------------------------------+----------------------+--------------------+
; Option                                                                          ; Setting              ; Default Value      ;
+---------------------------------------------------------------------------------+----------------------+--------------------+
; Device                                                                          ; 5CGXFC7C7F23C8       ;                    ;
; Top-level entity name                                                           ; multiplier_min_gates ; HarvardArch        ;
; Family name                                                                     ; Cyclone V            ; Cyclone V          ;
; Use smart compilation                                                           ; Off                  ; Off                ;
; Enable parallel Assembler and Timing Analyzer during compilation                ; On                   ; On                 ;
; Enable compact report table                                                     ; Off                  ; Off                ;
; Restructure Multiplexers                                                        ; Auto                 ; Auto               ;
; MLAB Add Timing Constraints For Mixed-Port Feed-Through Mode Setting Don't Care ; Off                  ; Off                ;
; Create Debugging Nodes for IP Cores                                             ; Off                  ; Off                ;
; Preserve fewer node names                                                       ; On                   ; On                 ;
; Intel FPGA IP Evaluation Mode                                                   ; Enable               ; Enable             ;
; Verilog Version                                                                 ; Verilog_2001         ; Verilog_2001       ;
; VHDL Version                                                                    ; VHDL_1993            ; VHDL_1993          ;
; State Machine Processing                                                        ; Auto                 ; Auto               ;
; Safe State Machine                                                              ; Off                  ; Off                ;
; Extract Verilog State Machines                                                  ; On                   ; On                 ;
; Extract VHDL State Machines                                                     ; On                   ; On                 ;
; Ignore Verilog initial constructs                                               ; Off                  ; Off                ;
; Iteration limit for constant Verilog loops                                      ; 5000                 ; 5000               ;
; Iteration limit for non-constant Verilog loops                                  ; 250                  ; 250                ;
; Add Pass-Through Logic to Inferred RAMs                                         ; On                   ; On                 ;
; Infer RAMs from Raw Logic                                                       ; On                   ; On                 ;
; Parallel Synthesis                                                              ; On                   ; On                 ;
; DSP Block Balancing                                                             ; Auto                 ; Auto               ;
; NOT Gate Push-Back                                                              ; On                   ; On                 ;
; Power-Up Don't Care                                                             ; On                   ; On                 ;
; Remove Redundant Logic Cells                                                    ; Off                  ; Off                ;
; Remove Duplicate Registers                                                      ; On                   ; On                 ;
; Ignore CARRY Buffers                                                            ; Off                  ; Off                ;
; Ignore CASCADE Buffers                                                          ; Off                  ; Off                ;
; Ignore GLOBAL Buffers                                                           ; Off                  ; Off                ;
; Ignore ROW GLOBAL Buffers                                                       ; Off                  ; Off                ;
; Ignore LCELL Buffers                                                            ; Off                  ; Off                ;
; Ignore SOFT Buffers                                                             ; On                   ; On                 ;
; Limit AHDL Integers to 32 Bits                                                  ; Off                  ; Off                ;
; Optimization Technique                                                          ; Balanced             ; Balanced           ;
; Carry Chain Length                                                              ; 70                   ; 70                 ;
; Auto Carry Chains                                                               ; On                   ; On                 ;
; Auto Open-Drain Pins                                                            ; On                   ; On                 ;
; Perform WYSIWYG Primitive Resynthesis                                           ; Off                  ; Off                ;
; Auto ROM Replacement                                                            ; On                   ; On                 ;
; Auto RAM Replacement                                                            ; On                   ; On                 ;
; Auto DSP Block Replacement                                                      ; On                   ; On                 ;
; Auto Shift Register Replacement                                                 ; Auto                 ; Auto               ;
; Allow Shift Register Merging across Hierarchies                                 ; Auto                 ; Auto               ;
; Auto Clock Enable Replacement                                                   ; On                   ; On                 ;
; Strict RAM Replacement                                                          ; Off                  ; Off                ;
; Allow Synchronous Control Signals                                               ; On                   ; On                 ;
; Force Use of Synchronous Clear Signals                                          ; Off                  ; Off                ;
; Auto Resource Sharing                                                           ; Off                  ; Off                ;
; Allow Any RAM Size For Recognition                                              ; Off                  ; Off                ;
; Allow Any ROM Size For Recognition                                              ; Off                  ; Off                ;
; Allow Any Shift Register Size For Recognition                                   ; Off                  ; Off                ;
; Use LogicLock Constraints during Resource Balancing                             ; On                   ; On                 ;
; Ignore translate_off and synthesis_off directives                               ; Off                  ; Off                ;
; Timing-Driven Synthesis                                                         ; On                   ; On                 ;
; Report Parameter Settings                                                       ; On                   ; On                 ;
; Report Source Assignments                                                       ; On                   ; On                 ;
; Report Connectivity Checks                                                      ; On                   ; On                 ;
; Ignore Maximum Fan-Out Assignments                                              ; Off                  ; Off                ;
; Synchronization Register Chain Length                                           ; 3                    ; 3                  ;
; Power Optimization During Synthesis                                             ; Normal compilation   ; Normal compilation ;
; HDL message level                                                               ; Level2               ; Level2             ;
; Suppress Register Optimization Related Messages                                 ; Off                  ; Off                ;
; Number of Removed Registers Reported in Synthesis Report                        ; 5000                 ; 5000               ;
; Number of Swept Nodes Reported in Synthesis Report                              ; 5000                 ; 5000               ;
; Number of Inverted Registers Reported in Synthesis Report                       ; 100                  ; 100                ;
; Clock MUX Protection                                                            ; On                   ; On                 ;
; Auto Gated Clock Conversion                                                     ; Off                  ; Off                ;
; Block Design Naming                                                             ; Auto                 ; Auto               ;
; SDC constraint protection                                                       ; Off                  ; Off                ;
; Synthesis Effort                                                                ; Auto                 ; Auto               ;
; Shift Register Replacement - Allow Asynchronous Clear Signal                    ; On                   ; On                 ;
; Pre-Mapping Resynthesis Optimization                                            ; Off                  ; Off                ;
; Analysis & Synthesis Message Level                                              ; Medium               ; Medium             ;
; Disable Register Merging Across Hierarchies                                     ; Auto                 ; Auto               ;
; Resource Aware Inference For Block RAM                                          ; On                   ; On                 ;
; Automatic Parallel Synthesis                                                    ; On                   ; On                 ;
; Partial Reconfiguration Bitstream ID                                            ; Off                  ; Off                ;
+---------------------------------------------------------------------------------+----------------------+--------------------+


+------------------------------------------+
; Parallel Compilation                     ;
+----------------------------+-------------+
; Processors                 ; Number      ;
+----------------------------+-------------+
; Number detected on machine ; 48          ;
; Maximum allowed            ; 16          ;
;                            ;             ;
; Average used               ; 1.00        ;
; Maximum used               ; 1           ;
;                            ;             ;
; Usage by Processor         ; % Time Used ;
;     Processor 1            ; 100.0%      ;
+----------------------------+-------------+


+--------------------------------------------------------------------------------------------------------------------------------------------------------------------------+
; Analysis & Synthesis Source Files Read                                                                                                                                   ;
+----------------------------------+-----------------+------------------------------------+----------------------------------------------------------------------+---------+
; File Name with User-Entered Path ; Used in Netlist ; File Type                          ; File Name with Absolute Path                                         ; Library ;
+----------------------------------+-----------------+------------------------------------+----------------------------------------------------------------------+---------+
; Half_adder.bdf                   ; yes             ; User Block Diagram/Schematic File  ; /home/bjs3118/nfshome/HarvardArchNoPipeline/Half_adder.bdf           ;         ;
; Full_adder.bdf                   ; yes             ; User Block Diagram/Schematic File  ; /home/bjs3118/nfshome/HarvardArchNoPipeline/Full_adder.bdf           ;         ;
; adder16and2.bdf                  ; yes             ; User Block Diagram/Schematic File  ; /home/bjs3118/nfshome/HarvardArchNoPipeline/adder16and2.bdf          ;         ;
; AND16.bdf                        ; yes             ; User Block Diagram/Schematic File  ; /home/bjs3118/nfshome/HarvardArchNoPipeline/AND16.bdf                ;         ;
; multiplier_min_gates.bdf         ; yes             ; User Block Diagram/Schematic File  ; /home/bjs3118/nfshome/HarvardArchNoPipeline/multiplier_min_gates.bdf ;         ;
+----------------------------------+-----------------+------------------------------------+----------------------------------------------------------------------+---------+


+----------------------------------------------------------+
; Analysis & Synthesis Resource Usage Summary              ;
+---------------------------------------------+------------+
; Resource                                    ; Usage      ;
+---------------------------------------------+------------+
; Estimate of Logic utilization (ALMs needed) ; 193        ;
;                                             ;            ;
; Combinational ALUT usage for logic          ; 298        ;
;     -- 7 input functions                    ; 0          ;
;     -- 6 input functions                    ; 88         ;
;     -- 5 input functions                    ; 41         ;
;     -- 4 input functions                    ; 35         ;
;     -- <=3 input functions                  ; 134        ;
;                                             ;            ;
; Dedicated logic registers                   ; 0          ;
;                                             ;            ;
; I/O pins                                    ; 48         ;
;                                             ;            ;
; Total DSP Blocks                            ; 0          ;
;                                             ;            ;
; Maximum fan-out node                        ; A[0]~input ;
; Maximum fan-out                             ; 40         ;
; Total fan-out                               ; 1240       ;
; Average fan-out                             ; 3.15       ;
+---------------------------------------------+------------+


+----------------------------------------------------------------------------------------------------------------------------------------------------------------------------------------------------------------------------------------+
; Analysis & Synthesis Resource Utilization by Entity                                                                                                                                                                                    ;
+----------------------------+---------------------+---------------------------+-------------------+------------+------+--------------+------------------------------------------------------------+----------------------+--------------+
; Compilation Hierarchy Node ; Combinational ALUTs ; Dedicated Logic Registers ; Block Memory Bits ; DSP Blocks ; Pins ; Virtual Pins ; Full Hierarchy Name                                        ; Entity Name          ; Library Name ;
+----------------------------+---------------------+---------------------------+-------------------+------------+------+--------------+------------------------------------------------------------+----------------------+--------------+
; |multiplier_min_gates      ; 298 (18)            ; 0 (0)                     ; 0                 ; 0          ; 48   ; 0            ; |multiplier_min_gates                                      ; multiplier_min_gates ; work         ;
;    |AND16:inst|            ; 8 (8)               ; 0 (0)                     ; 0                 ; 0          ; 0    ; 0            ; |multiplier_min_gates|AND16:inst                           ; AND16                ; work         ;
;    |adder16and2:inst10|    ; 16 (0)              ; 0 (0)                     ; 0                 ; 0          ; 0    ; 0            ; |multiplier_min_gates|adder16and2:inst10                   ; adder16and2          ; work         ;
;       |AND16:inst|         ; 5 (5)               ; 0 (0)                     ; 0                 ; 0          ; 0    ; 0            ; |multiplier_min_gates|adder16and2:inst10|AND16:inst        ; AND16                ; work         ;
;       |Full_adder:inst4|   ; 5 (5)               ; 0 (0)                     ; 0                 ; 0          ; 0    ; 0            ; |multiplier_min_gates|adder16and2:inst10|Full_adder:inst4  ; Full_adder           ; work         ;
;       |Full_adder:inst5|   ; 2 (2)               ; 0 (0)                     ; 0                 ; 0          ; 0    ; 0            ; |multiplier_min_gates|adder16and2:inst10|Full_adder:inst5  ; Full_adder           ; work         ;
;       |Full_adder:inst6|   ; 1 (1)               ; 0 (0)                     ; 0                 ; 0          ; 0    ; 0            ; |multiplier_min_gates|adder16and2:inst10|Full_adder:inst6  ; Full_adder           ; work         ;
;       |Full_adder:inst7|   ; 2 (2)               ; 0 (0)                     ; 0                 ; 0          ; 0    ; 0            ; |multiplier_min_gates|adder16and2:inst10|Full_adder:inst7  ; Full_adder           ; work         ;
;       |Half_adder:inst19|  ; 1 (1)               ; 0 (0)                     ; 0                 ; 0          ; 0    ; 0            ; |multiplier_min_gates|adder16and2:inst10|Half_adder:inst19 ; Half_adder           ; work         ;
;    |adder16and2:inst11|    ; 15 (0)              ; 0 (0)                     ; 0                 ; 0          ; 0    ; 0            ; |multiplier_min_gates|adder16and2:inst11                   ; adder16and2          ; work         ;
;       |AND16:inst|         ; 4 (4)               ; 0 (0)                     ; 0                 ; 0          ; 0    ; 0            ; |multiplier_min_gates|adder16and2:inst11|AND16:inst        ; AND16                ; work         ;
;       |Full_adder:inst4|   ; 6 (6)               ; 0 (0)                     ; 0                 ; 0          ; 0    ; 0            ; |multiplier_min_gates|adder16and2:inst11|Full_adder:inst4  ; Full_adder           ; work         ;
;       |Full_adder:inst5|   ; 3 (3)               ; 0 (0)                     ; 0                 ; 0          ; 0    ; 0            ; |multiplier_min_gates|adder16and2:inst11|Full_adder:inst5  ; Full_adder           ; work         ;
;       |Full_adder:inst6|   ; 1 (1)               ; 0 (0)                     ; 0                 ; 0          ; 0    ; 0            ; |multiplier_min_gates|adder16and2:inst11|Full_adder:inst6  ; Full_adder           ; work         ;
;       |Half_adder:inst19|  ; 1 (1)               ; 0 (0)                     ; 0                 ; 0          ; 0    ; 0            ; |multiplier_min_gates|adder16and2:inst11|Half_adder:inst19 ; Half_adder           ; work         ;
;    |adder16and2:inst12|    ; 9 (0)               ; 0 (0)                     ; 0                 ; 0          ; 0    ; 0            ; |multiplier_min_gates|adder16and2:inst12                   ; adder16and2          ; work         ;
;       |AND16:inst|         ; 3 (3)               ; 0 (0)                     ; 0                 ; 0          ; 0    ; 0            ; |multiplier_min_gates|adder16and2:inst12|AND16:inst        ; AND16                ; work         ;
;       |Full_adder:inst4|   ; 4 (4)               ; 0 (0)                     ; 0                 ; 0          ; 0    ; 0            ; |multiplier_min_gates|adder16and2:inst12|Full_adder:inst4  ; Full_adder           ; work         ;
;       |Full_adder:inst5|   ; 1 (1)               ; 0 (0)                     ; 0                 ; 0          ; 0    ; 0            ; |multiplier_min_gates|adder16and2:inst12|Full_adder:inst5  ; Full_adder           ; work         ;
;       |Half_adder:inst19|  ; 1 (1)               ; 0 (0)                     ; 0                 ; 0          ; 0    ; 0            ; |multiplier_min_gates|adder16and2:inst12|Half_adder:inst19 ; Half_adder           ; work         ;
;    |adder16and2:inst13|    ; 6 (0)               ; 0 (0)                     ; 0                 ; 0          ; 0    ; 0            ; |multiplier_min_gates|adder16and2:inst13                   ; adder16and2          ; work         ;
;       |AND16:inst|         ; 2 (2)               ; 0 (0)                     ; 0                 ; 0          ; 0    ; 0            ; |multiplier_min_gates|adder16and2:inst13|AND16:inst        ; AND16                ; work         ;
;       |Full_adder:inst4|   ; 2 (2)               ; 0 (0)                     ; 0                 ; 0          ; 0    ; 0            ; |multiplier_min_gates|adder16and2:inst13|Full_adder:inst4  ; Full_adder           ; work         ;
;       |Half_adder:inst19|  ; 2 (2)               ; 0 (0)                     ; 0                 ; 0          ; 0    ; 0            ; |multiplier_min_gates|adder16and2:inst13|Half_adder:inst19 ; Half_adder           ; work         ;
;    |adder16and2:inst14|    ; 2 (0)               ; 0 (0)                     ; 0                 ; 0          ; 0    ; 0            ; |multiplier_min_gates|adder16and2:inst14                   ; adder16and2          ; work         ;
;       |AND16:inst|         ; 1 (1)               ; 0 (0)                     ; 0                 ; 0          ; 0    ; 0            ; |multiplier_min_gates|adder16and2:inst14|AND16:inst        ; AND16                ; work         ;
;       |Half_adder:inst19|  ; 1 (1)               ; 0 (0)                     ; 0                 ; 0          ; 0    ; 0            ; |multiplier_min_gates|adder16and2:inst14|Half_adder:inst19 ; Half_adder           ; work         ;
;    |adder16and2:inst1|     ; 32 (0)              ; 0 (0)                     ; 0                 ; 0          ; 0    ; 0            ; |multiplier_min_gates|adder16and2:inst1                    ; adder16and2          ; work         ;
;       |AND16:inst|         ; 11 (11)             ; 0 (0)                     ; 0                 ; 0          ; 0    ; 0            ; |multiplier_min_gates|adder16and2:inst1|AND16:inst         ; AND16                ; work         ;
;       |Full_adder:inst10|  ; 1 (1)               ; 0 (0)                     ; 0                 ; 0          ; 0    ; 0            ; |multiplier_min_gates|adder16and2:inst1|Full_adder:inst10  ; Full_adder           ; work         ;
;       |Full_adder:inst11|  ; 2 (2)               ; 0 (0)                     ; 0                 ; 0          ; 0    ; 0            ; |multiplier_min_gates|adder16and2:inst1|Full_adder:inst11  ; Full_adder           ; work         ;
;       |Full_adder:inst12|  ; 1 (1)               ; 0 (0)                     ; 0                 ; 0          ; 0    ; 0            ; |multiplier_min_gates|adder16and2:inst1|Full_adder:inst12  ; Full_adder           ; work         ;
;       |Full_adder:inst13|  ; 2 (2)               ; 0 (0)                     ; 0                 ; 0          ; 0    ; 0            ; |multiplier_min_gates|adder16and2:inst1|Full_adder:inst13  ; Full_adder           ; work         ;
;       |Full_adder:inst14|  ; 3 (3)               ; 0 (0)                     ; 0                 ; 0          ; 0    ; 0            ; |multiplier_min_gates|adder16and2:inst1|Full_adder:inst14  ; Full_adder           ; work         ;
;       |Full_adder:inst4|   ; 3 (3)               ; 0 (0)                     ; 0                 ; 0          ; 0    ; 0            ; |multiplier_min_gates|adder16and2:inst1|Full_adder:inst4   ; Full_adder           ; work         ;
;       |Full_adder:inst5|   ; 2 (2)               ; 0 (0)                     ; 0                 ; 0          ; 0    ; 0            ; |multiplier_min_gates|adder16and2:inst1|Full_adder:inst5   ; Full_adder           ; work         ;
;       |Full_adder:inst6|   ; 1 (1)               ; 0 (0)                     ; 0                 ; 0          ; 0    ; 0            ; |multiplier_min_gates|adder16and2:inst1|Full_adder:inst6   ; Full_adder           ; work         ;
;       |Full_adder:inst7|   ; 2 (2)               ; 0 (0)                     ; 0                 ; 0          ; 0    ; 0            ; |multiplier_min_gates|adder16and2:inst1|Full_adder:inst7   ; Full_adder           ; work         ;
;       |Full_adder:inst8|   ; 1 (1)               ; 0 (0)                     ; 0                 ; 0          ; 0    ; 0            ; |multiplier_min_gates|adder16and2:inst1|Full_adder:inst8   ; Full_adder           ; work         ;
;       |Full_adder:inst9|   ; 2 (2)               ; 0 (0)                     ; 0                 ; 0          ; 0    ; 0            ; |multiplier_min_gates|adder16and2:inst1|Full_adder:inst9   ; Full_adder           ; work         ;
;       |Half_adder:inst19|  ; 1 (1)               ; 0 (0)                     ; 0                 ; 0          ; 0    ; 0            ; |multiplier_min_gates|adder16and2:inst1|Half_adder:inst19  ; Half_adder           ; work         ;
;    |adder16and2:inst2|     ; 38 (0)              ; 0 (0)                     ; 0                 ; 0          ; 0    ; 0            ; |multiplier_min_gates|adder16and2:inst2                    ; adder16and2          ; work         ;
;       |AND16:inst|         ; 7 (7)               ; 0 (0)                     ; 0                 ; 0          ; 0    ; 0            ; |multiplier_min_gates|adder16and2:inst2|AND16:inst         ; AND16                ; work         ;
;       |Full_adder:inst10|  ; 2 (2)               ; 0 (0)                     ; 0                 ; 0          ; 0    ; 0            ; |multiplier_min_gates|adder16and2:inst2|Full_adder:inst10  ; Full_adder           ; work         ;
;       |Full_adder:inst11|  ; 3 (3)               ; 0 (0)                     ; 0                 ; 0          ; 0    ; 0            ; |multiplier_min_gates|adder16and2:inst2|Full_adder:inst11  ; Full_adder           ; work         ;
;       |Full_adder:inst12|  ; 1 (1)               ; 0 (0)                     ; 0                 ; 0          ; 0    ; 0            ; |multiplier_min_gates|adder16and2:inst2|Full_adder:inst12  ; Full_adder           ; work         ;
;       |Full_adder:inst13|  ; 5 (5)               ; 0 (0)                     ; 0                 ; 0          ; 0    ; 0            ; |multiplier_min_gates|adder16and2:inst2|Full_adder:inst13  ; Full_adder           ; work         ;
;       |Full_adder:inst14|  ; 2 (2)               ; 0 (0)                     ; 0                 ; 0          ; 0    ; 0            ; |multiplier_min_gates|adder16and2:inst2|Full_adder:inst14  ; Full_adder           ; work         ;
;       |Full_adder:inst15|  ; 2 (2)               ; 0 (0)                     ; 0                 ; 0          ; 0    ; 0            ; |multiplier_min_gates|adder16and2:inst2|Full_adder:inst15  ; Full_adder           ; work         ;
;       |Full_adder:inst16|  ; 2 (2)               ; 0 (0)                     ; 0                 ; 0          ; 0    ; 0            ; |multiplier_min_gates|adder16and2:inst2|Full_adder:inst16  ; Full_adder           ; work         ;
;       |Full_adder:inst4|   ; 1 (1)               ; 0 (0)                     ; 0                 ; 0          ; 0    ; 0            ; |multiplier_min_gates|adder16and2:inst2|Full_adder:inst4   ; Full_adder           ; work         ;
;       |Full_adder:inst5|   ; 2 (2)               ; 0 (0)                     ; 0                 ; 0          ; 0    ; 0            ; |multiplier_min_gates|adder16and2:inst2|Full_adder:inst5   ; Full_adder           ; work         ;
;       |Full_adder:inst6|   ; 1 (1)               ; 0 (0)                     ; 0                 ; 0          ; 0    ; 0            ; |multiplier_min_gates|adder16and2:inst2|Full_adder:inst6   ; Full_adder           ; work         ;
;       |Full_adder:inst7|   ; 2 (2)               ; 0 (0)                     ; 0                 ; 0          ; 0    ; 0            ; |multiplier_min_gates|adder16and2:inst2|Full_adder:inst7   ; Full_adder           ; work         ;
;       |Full_adder:inst8|   ; 5 (5)               ; 0 (0)                     ; 0                 ; 0          ; 0    ; 0            ; |multiplier_min_gates|adder16and2:inst2|Full_adder:inst8   ; Full_adder           ; work         ;
;       |Full_adder:inst9|   ; 2 (2)               ; 0 (0)                     ; 0                 ; 0          ; 0    ; 0            ; |multiplier_min_gates|adder16and2:inst2|Full_adder:inst9   ; Full_adder           ; work         ;
;       |Half_adder:inst19|  ; 1 (1)               ; 0 (0)                     ; 0                 ; 0          ; 0    ; 0            ; |multiplier_min_gates|adder16and2:inst2|Half_adder:inst19  ; Half_adder           ; work         ;
;    |adder16and2:inst3|     ; 28 (0)              ; 0 (0)                     ; 0                 ; 0          ; 0    ; 0            ; |multiplier_min_gates|adder16and2:inst3                    ; adder16and2          ; work         ;
;       |AND16:inst|         ; 9 (9)               ; 0 (0)                     ; 0                 ; 0          ; 0    ; 0            ; |multiplier_min_gates|adder16and2:inst3|AND16:inst         ; AND16                ; work         ;
;       |Full_adder:inst10|  ; 1 (1)               ; 0 (0)                     ; 0                 ; 0          ; 0    ; 0            ; |multiplier_min_gates|adder16and2:inst3|Full_adder:inst10  ; Full_adder           ; work         ;
;       |Full_adder:inst11|  ; 2 (2)               ; 0 (0)                     ; 0                 ; 0          ; 0    ; 0            ; |multiplier_min_gates|adder16and2:inst3|Full_adder:inst11  ; Full_adder           ; work         ;
;       |Full_adder:inst12|  ; 1 (1)               ; 0 (0)                     ; 0                 ; 0          ; 0    ; 0            ; |multiplier_min_gates|adder16and2:inst3|Full_adder:inst12  ; Full_adder           ; work         ;
;       |Full_adder:inst13|  ; 2 (2)               ; 0 (0)                     ; 0                 ; 0          ; 0    ; 0            ; |multiplier_min_gates|adder16and2:inst3|Full_adder:inst13  ; Full_adder           ; work         ;
;       |Full_adder:inst14|  ; 1 (1)               ; 0 (0)                     ; 0                 ; 0          ; 0    ; 0            ; |multiplier_min_gates|adder16and2:inst3|Full_adder:inst14  ; Full_adder           ; work         ;
;       |Full_adder:inst4|   ; 3 (3)               ; 0 (0)                     ; 0                 ; 0          ; 0    ; 0            ; |multiplier_min_gates|adder16and2:inst3|Full_adder:inst4   ; Full_adder           ; work         ;
;       |Full_adder:inst5|   ; 2 (2)               ; 0 (0)                     ; 0                 ; 0          ; 0    ; 0            ; |multiplier_min_gates|adder16and2:inst3|Full_adder:inst5   ; Full_adder           ; work         ;
;       |Full_adder:inst6|   ; 1 (1)               ; 0 (0)                     ; 0                 ; 0          ; 0    ; 0            ; |multiplier_min_gates|adder16and2:inst3|Full_adder:inst6   ; Full_adder           ; work         ;
;       |Full_adder:inst7|   ; 2 (2)               ; 0 (0)                     ; 0                 ; 0          ; 0    ; 0            ; |multiplier_min_gates|adder16and2:inst3|Full_adder:inst7   ; Full_adder           ; work         ;
;       |Full_adder:inst8|   ; 1 (1)               ; 0 (0)                     ; 0                 ; 0          ; 0    ; 0            ; |multiplier_min_gates|adder16and2:inst3|Full_adder:inst8   ; Full_adder           ; work         ;
;       |Full_adder:inst9|   ; 2 (2)               ; 0 (0)                     ; 0                 ; 0          ; 0    ; 0            ; |multiplier_min_gates|adder16and2:inst3|Full_adder:inst9   ; Full_adder           ; work         ;
;       |Half_adder:inst19|  ; 1 (1)               ; 0 (0)                     ; 0                 ; 0          ; 0    ; 0            ; |multiplier_min_gates|adder16and2:inst3|Half_adder:inst19  ; Half_adder           ; work         ;
;    |adder16and2:inst4|     ; 28 (0)              ; 0 (0)                     ; 0                 ; 0          ; 0    ; 0            ; |multiplier_min_gates|adder16and2:inst4                    ; adder16and2          ; work         ;
;       |AND16:inst|         ; 9 (9)               ; 0 (0)                     ; 0                 ; 0          ; 0    ; 0            ; |multiplier_min_gates|adder16and2:inst4|AND16:inst         ; AND16                ; work         ;
;       |Full_adder:inst10|  ; 1 (1)               ; 0 (0)                     ; 0                 ; 0          ; 0    ; 0            ; |multiplier_min_gates|adder16and2:inst4|Full_adder:inst10  ; Full_adder           ; work         ;
;       |Full_adder:inst11|  ; 2 (2)               ; 0 (0)                     ; 0                 ; 0          ; 0    ; 0            ; |multiplier_min_gates|adder16and2:inst4|Full_adder:inst11  ; Full_adder           ; work         ;
;       |Full_adder:inst12|  ; 2 (2)               ; 0 (0)                     ; 0                 ; 0          ; 0    ; 0            ; |multiplier_min_gates|adder16and2:inst4|Full_adder:inst12  ; Full_adder           ; work         ;
;       |Full_adder:inst13|  ; 1 (1)               ; 0 (0)                     ; 0                 ; 0          ; 0    ; 0            ; |multiplier_min_gates|adder16and2:inst4|Full_adder:inst13  ; Full_adder           ; work         ;
;       |Full_adder:inst4|   ; 4 (4)               ; 0 (0)                     ; 0                 ; 0          ; 0    ; 0            ; |multiplier_min_gates|adder16and2:inst4|Full_adder:inst4   ; Full_adder           ; work         ;
;       |Full_adder:inst5|   ; 2 (2)               ; 0 (0)                     ; 0                 ; 0          ; 0    ; 0            ; |multiplier_min_gates|adder16and2:inst4|Full_adder:inst5   ; Full_adder           ; work         ;
;       |Full_adder:inst6|   ; 1 (1)               ; 0 (0)                     ; 0                 ; 0          ; 0    ; 0            ; |multiplier_min_gates|adder16and2:inst4|Full_adder:inst6   ; Full_adder           ; work         ;
;       |Full_adder:inst7|   ; 2 (2)               ; 0 (0)                     ; 0                 ; 0          ; 0    ; 0            ; |multiplier_min_gates|adder16and2:inst4|Full_adder:inst7   ; Full_adder           ; work         ;
;       |Full_adder:inst8|   ; 1 (1)               ; 0 (0)                     ; 0                 ; 0          ; 0    ; 0            ; |multiplier_min_gates|adder16and2:inst4|Full_adder:inst8   ; Full_adder           ; work         ;
;       |Full_adder:inst9|   ; 2 (2)               ; 0 (0)                     ; 0                 ; 0          ; 0    ; 0            ; |multiplier_min_gates|adder16and2:inst4|Full_adder:inst9   ; Full_adder           ; work         ;
;       |Half_adder:inst19|  ; 1 (1)               ; 0 (0)                     ; 0                 ; 0          ; 0    ; 0            ; |multiplier_min_gates|adder16and2:inst4|Half_adder:inst19  ; Half_adder           ; work         ;
;    |adder16and2:inst5|     ; 23 (0)              ; 0 (0)                     ; 0                 ; 0          ; 0    ; 0            ; |multiplier_min_gates|adder16and2:inst5                    ; adder16and2          ; work         ;
;       |AND16:inst|         ; 8 (8)               ; 0 (0)                     ; 0                 ; 0          ; 0    ; 0            ; |multiplier_min_gates|adder16and2:inst5|AND16:inst         ; AND16                ; work         ;
;       |Full_adder:inst10|  ; 2 (2)               ; 0 (0)                     ; 0                 ; 0          ; 0    ; 0            ; |multiplier_min_gates|adder16and2:inst5|Full_adder:inst10  ; Full_adder           ; work         ;
;       |Full_adder:inst11|  ; 2 (2)               ; 0 (0)                     ; 0                 ; 0          ; 0    ; 0            ; |multiplier_min_gates|adder16and2:inst5|Full_adder:inst11  ; Full_adder           ; work         ;
;       |Full_adder:inst4|   ; 3 (3)               ; 0 (0)                     ; 0                 ; 0          ; 0    ; 0            ; |multiplier_min_gates|adder16and2:inst5|Full_adder:inst4   ; Full_adder           ; work         ;
;       |Full_adder:inst5|   ; 1 (1)               ; 0 (0)                     ; 0                 ; 0          ; 0    ; 0            ; |multiplier_min_gates|adder16and2:inst5|Full_adder:inst5   ; Full_adder           ; work         ;
;       |Full_adder:inst6|   ; 2 (2)               ; 0 (0)                     ; 0                 ; 0          ; 0    ; 0            ; |multiplier_min_gates|adder16and2:inst5|Full_adder:inst6   ; Full_adder           ; work         ;
;       |Full_adder:inst7|   ; 1 (1)               ; 0 (0)                     ; 0                 ; 0          ; 0    ; 0            ; |multiplier_min_gates|adder16and2:inst5|Full_adder:inst7   ; Full_adder           ; work         ;
;       |Full_adder:inst8|   ; 2 (2)               ; 0 (0)                     ; 0                 ; 0          ; 0    ; 0            ; |multiplier_min_gates|adder16and2:inst5|Full_adder:inst8   ; Full_adder           ; work         ;
;       |Full_adder:inst9|   ; 1 (1)               ; 0 (0)                     ; 0                 ; 0          ; 0    ; 0            ; |multiplier_min_gates|adder16and2:inst5|Full_adder:inst9   ; Full_adder           ; work         ;
;       |Half_adder:inst19|  ; 1 (1)               ; 0 (0)                     ; 0                 ; 0          ; 0    ; 0            ; |multiplier_min_gates|adder16and2:inst5|Half_adder:inst19  ; Half_adder           ; work         ;
;    |adder16and2:inst6|     ; 21 (0)              ; 0 (0)                     ; 0                 ; 0          ; 0    ; 0            ; |multiplier_min_gates|adder16and2:inst6                    ; adder16and2          ; work         ;
;       |AND16:inst|         ; 7 (7)               ; 0 (0)                     ; 0                 ; 0          ; 0    ; 0            ; |multiplier_min_gates|adder16and2:inst6|AND16:inst         ; AND16                ; work         ;
;       |Full_adder:inst10|  ; 2 (2)               ; 0 (0)                     ; 0                 ; 0          ; 0    ; 0            ; |multiplier_min_gates|adder16and2:inst6|Full_adder:inst10  ; Full_adder           ; work         ;
;       |Full_adder:inst11|  ; 1 (1)               ; 0 (0)                     ; 0                 ; 0          ; 0    ; 0            ; |multiplier_min_gates|adder16and2:inst6|Full_adder:inst11  ; Full_adder           ; work         ;
;       |Full_adder:inst4|   ; 3 (3)               ; 0 (0)                     ; 0                 ; 0          ; 0    ; 0            ; |multiplier_min_gates|adder16and2:inst6|Full_adder:inst4   ; Full_adder           ; work         ;
;       |Full_adder:inst5|   ; 1 (1)               ; 0 (0)                     ; 0                 ; 0          ; 0    ; 0            ; |multiplier_min_gates|adder16and2:inst6|Full_adder:inst5   ; Full_adder           ; work         ;
;       |Full_adder:inst6|   ; 2 (2)               ; 0 (0)                     ; 0                 ; 0          ; 0    ; 0            ; |multiplier_min_gates|adder16and2:inst6|Full_adder:inst6   ; Full_adder           ; work         ;
;       |Full_adder:inst7|   ; 1 (1)               ; 0 (0)                     ; 0                 ; 0          ; 0    ; 0            ; |multiplier_min_gates|adder16and2:inst6|Full_adder:inst7   ; Full_adder           ; work         ;
;       |Full_adder:inst8|   ; 2 (2)               ; 0 (0)                     ; 0                 ; 0          ; 0    ; 0            ; |multiplier_min_gates|adder16and2:inst6|Full_adder:inst8   ; Full_adder           ; work         ;
;       |Full_adder:inst9|   ; 1 (1)               ; 0 (0)                     ; 0                 ; 0          ; 0    ; 0            ; |multiplier_min_gates|adder16and2:inst6|Full_adder:inst9   ; Full_adder           ; work         ;
;       |Half_adder:inst19|  ; 1 (1)               ; 0 (0)                     ; 0                 ; 0          ; 0    ; 0            ; |multiplier_min_gates|adder16and2:inst6|Half_adder:inst19  ; Half_adder           ; work         ;
;    |adder16and2:inst7|     ; 18 (0)              ; 0 (0)                     ; 0                 ; 0          ; 0    ; 0            ; |multiplier_min_gates|adder16and2:inst7                    ; adder16and2          ; work         ;
;       |AND16:inst|         ; 6 (6)               ; 0 (0)                     ; 0                 ; 0          ; 0    ; 0            ; |multiplier_min_gates|adder16and2:inst7|AND16:inst         ; AND16                ; work         ;
;       |Full_adder:inst10|  ; 1 (1)               ; 0 (0)                     ; 0                 ; 0          ; 0    ; 0            ; |multiplier_min_gates|adder16and2:inst7|Full_adder:inst10  ; Full_adder           ; work         ;
;       |Full_adder:inst4|   ; 3 (3)               ; 0 (0)                     ; 0                 ; 0          ; 0    ; 0            ; |multiplier_min_gates|adder16and2:inst7|Full_adder:inst4   ; Full_adder           ; work         ;
;       |Full_adder:inst6|   ; 2 (2)               ; 0 (0)                     ; 0                 ; 0          ; 0    ; 0            ; |multiplier_min_gates|adder16and2:inst7|Full_adder:inst6   ; Full_adder           ; work         ;
;       |Full_adder:inst7|   ; 1 (1)               ; 0 (0)                     ; 0                 ; 0          ; 0    ; 0            ; |multiplier_min_gates|adder16and2:inst7|Full_adder:inst7   ; Full_adder           ; work         ;
;       |Full_adder:inst8|   ; 2 (2)               ; 0 (0)                     ; 0                 ; 0          ; 0    ; 0            ; |multiplier_min_gates|adder16and2:inst7|Full_adder:inst8   ; Full_adder           ; work         ;
;       |Full_adder:inst9|   ; 2 (2)               ; 0 (0)                     ; 0                 ; 0          ; 0    ; 0            ; |multiplier_min_gates|adder16and2:inst7|Full_adder:inst9   ; Full_adder           ; work         ;
;       |Half_adder:inst19|  ; 1 (1)               ; 0 (0)                     ; 0                 ; 0          ; 0    ; 0            ; |multiplier_min_gates|adder16and2:inst7|Half_adder:inst19  ; Half_adder           ; work         ;
;    |adder16and2:inst8|     ; 18 (0)              ; 0 (0)                     ; 0                 ; 0          ; 0    ; 0            ; |multiplier_min_gates|adder16and2:inst8                    ; adder16and2          ; work         ;
;       |AND16:inst|         ; 7 (7)               ; 0 (0)                     ; 0                 ; 0          ; 0    ; 0            ; |multiplier_min_gates|adder16and2:inst8|AND16:inst         ; AND16                ; work         ;
;       |Full_adder:inst4|   ; 4 (4)               ; 0 (0)                     ; 0                 ; 0          ; 0    ; 0            ; |multiplier_min_gates|adder16and2:inst8|Full_adder:inst4   ; Full_adder           ; work         ;
;       |Full_adder:inst5|   ; 1 (1)               ; 0 (0)                     ; 0                 ; 0          ; 0    ; 0            ; |multiplier_min_gates|adder16and2:inst8|Full_adder:inst5   ; Full_adder           ; work         ;
;       |Full_adder:inst6|   ; 1 (1)               ; 0 (0)                     ; 0                 ; 0          ; 0    ; 0            ; |multiplier_min_gates|adder16and2:inst8|Full_adder:inst6   ; Full_adder           ; work         ;
;       |Full_adder:inst7|   ; 2 (2)               ; 0 (0)                     ; 0                 ; 0          ; 0    ; 0            ; |multiplier_min_gates|adder16and2:inst8|Full_adder:inst7   ; Full_adder           ; work         ;
;       |Full_adder:inst8|   ; 2 (2)               ; 0 (0)                     ; 0                 ; 0          ; 0    ; 0            ; |multiplier_min_gates|adder16and2:inst8|Full_adder:inst8   ; Full_adder           ; work         ;
;       |Half_adder:inst19|  ; 1 (1)               ; 0 (0)                     ; 0                 ; 0          ; 0    ; 0            ; |multiplier_min_gates|adder16and2:inst8|Half_adder:inst19  ; Half_adder           ; work         ;
;    |adder16and2:inst9|     ; 18 (0)              ; 0 (0)                     ; 0                 ; 0          ; 0    ; 0            ; |multiplier_min_gates|adder16and2:inst9                    ; adder16and2          ; work         ;
;       |AND16:inst|         ; 6 (6)               ; 0 (0)                     ; 0                 ; 0          ; 0    ; 0            ; |multiplier_min_gates|adder16and2:inst9|AND16:inst         ; AND16                ; work         ;
;       |Full_adder:inst4|   ; 5 (5)               ; 0 (0)                     ; 0                 ; 0          ; 0    ; 0            ; |multiplier_min_gates|adder16and2:inst9|Full_adder:inst4   ; Full_adder           ; work         ;
;       |Full_adder:inst5|   ; 2 (2)               ; 0 (0)                     ; 0                 ; 0          ; 0    ; 0            ; |multiplier_min_gates|adder16and2:inst9|Full_adder:inst5   ; Full_adder           ; work         ;
;       |Full_adder:inst6|   ; 1 (1)               ; 0 (0)                     ; 0                 ; 0          ; 0    ; 0            ; |multiplier_min_gates|adder16and2:inst9|Full_adder:inst6   ; Full_adder           ; work         ;
;       |Full_adder:inst7|   ; 2 (2)               ; 0 (0)                     ; 0                 ; 0          ; 0    ; 0            ; |multiplier_min_gates|adder16and2:inst9|Full_adder:inst7   ; Full_adder           ; work         ;
;       |Full_adder:inst8|   ; 1 (1)               ; 0 (0)                     ; 0                 ; 0          ; 0    ; 0            ; |multiplier_min_gates|adder16and2:inst9|Full_adder:inst8   ; Full_adder           ; work         ;
;       |Half_adder:inst19|  ; 1 (1)               ; 0 (0)                     ; 0                 ; 0          ; 0    ; 0            ; |multiplier_min_gates|adder16and2:inst9|Half_adder:inst19  ; Half_adder           ; work         ;
+----------------------------+---------------------+---------------------------+-------------------+------------+------+--------------+------------------------------------------------------------+----------------------+--------------+
Note: For table entries with two numbers listed, the numbers in parentheses indicate the number of resources of the given type used by the specific entity alone. The numbers listed outside of parentheses indicate the total resources of the given type used by the specific entity and all of its sub-entities in the hierarchy.


+------------------------------------------------------+
; General Register Statistics                          ;
+----------------------------------------------+-------+
; Statistic                                    ; Value ;
+----------------------------------------------+-------+
; Total registers                              ; 0     ;
; Number of registers using Synchronous Clear  ; 0     ;
; Number of registers using Synchronous Load   ; 0     ;
; Number of registers using Asynchronous Clear ; 0     ;
; Number of registers using Asynchronous Load  ; 0     ;
; Number of registers using Clock Enable       ; 0     ;
; Number of registers using Preset             ; 0     ;
+----------------------------------------------+-------+


+-----------------------------------------------------+
; Post-Synthesis Netlist Statistics for Top Partition ;
+-----------------------+-----------------------------+
; Type                  ; Count                       ;
+-----------------------+-----------------------------+
; arriav_lcell_comb     ; 298                         ;
;     normal            ; 298                         ;
;         2 data inputs ; 99                          ;
;         3 data inputs ; 35                          ;
;         4 data inputs ; 35                          ;
;         5 data inputs ; 41                          ;
;         6 data inputs ; 88                          ;
; boundary_port         ; 48                          ;
;                       ;                             ;
; Max LUT depth         ; 14.00                       ;
; Average LUT depth     ; 11.95                       ;
+-----------------------+-----------------------------+


+-------------------------------+
; Elapsed Time Per Partition    ;
+----------------+--------------+
; Partition Name ; Elapsed Time ;
+----------------+--------------+
; Top            ; 00:00:01     ;
+----------------+--------------+


+-------------------------------+
; Analysis & Synthesis Messages ;
+-------------------------------+
Info: *******************************************************************
Info: Running Quartus Prime Analysis & Synthesis
    Info: Version 18.1.0 Build 625 09/12/2018 SJ Standard Edition
    Info: Processing started: Wed May 20 17:46:12 2020
Info: Command: quartus_map --read_settings_files=on --write_settings_files=off HarvardArchNoPipeline -c HarvardArch
Warning (18236): Number of processors has not been specified which may cause overloading on shared machines.  Set the global assignment NUM_PARALLEL_PROCESSORS in your QSF to an appropriate value for best performance.
Info (20030): Parallel compilation is enabled and will use 16 of the 24 processors detected
Info (12021): Found 1 design units, including 1 entities, in source file HarvardArch.bdf
    Info (12023): Found entity 1: HarvardArch
Info (12021): Found 1 design units, including 1 entities, in source file prog_mem.v
    Info (12023): Found entity 1: prog_mem File: /home/bjs3118/nfshome/HarvardArchNoPipeline/prog_mem.v Line: 39
Info (12021): Found 1 design units, including 1 entities, in source file data_mem.v
    Info (12023): Found entity 1: data_mem File: /home/bjs3118/nfshome/HarvardArchNoPipeline/data_mem.v Line: 39
Info (12021): Found 1 design units, including 1 entities, in source file executor.v
    Info (12023): Found entity 1: executor File: /home/bjs3118/nfshome/HarvardArchNoPipeline/executor.v Line: 1
Info (12021): Found 1 design units, including 1 entities, in source file Decoder.v
    Info (12023): Found entity 1: Decoder File: /home/bjs3118/nfshome/HarvardArchNoPipeline/Decoder.v Line: 1
Info (12021): Found 1 design units, including 1 entities, in source file StateMachine.bdf
    Info (12023): Found entity 1: StateMachine
Info (12021): Found 1 design units, including 1 entities, in source file regfile.bdf
    Info (12023): Found entity 1: regfile
Info (12021): Found 1 design units, including 1 entities, in source file arm_alu.v
    Info (12023): Found entity 1: arm_alu File: /home/bjs3118/nfshome/HarvardArchNoPipeline/arm_alu.v Line: 1
Info (12021): Found 1 design units, including 1 entities, in source file regfile8.bdf
    Info (12023): Found entity 1: regfile8
Warning (12019): Can't analyze file -- file regfile16.bdf is missing
Info (12021): Found 1 design units, including 1 entities, in source file increment.v
    Info (12023): Found entity 1: increment File: /home/bjs3118/nfshome/HarvardArchNoPipeline/increment.v Line: 1
Info (12021): Found 1 design units, including 1 entities, in source file stack.bdf
    Info (12023): Found entity 1: stack
Info (12021): Found 1 design units, including 1 entities, in source file stack_pointer.v
    Info (12023): Found entity 1: stack_pointer File: /home/bjs3118/nfshome/HarvardArchNoPipeline/stack_pointer.v Line: 1
Warning (12019): Can't analyze file -- file increment16.v is missing
Warning (12019): Can't analyze file -- file sel_increment.v is missing
Info (12021): Found 1 design units, including 1 entities, in source file multiplier.v
    Info (12023): Found entity 1: multiplier File: /home/bjs3118/nfshome/HarvardArchNoPipeline/multiplier.v Line: 1
Info (12021): Found 1 design units, including 1 entities, in source file Half_adder.bdf
    Info (12023): Found entity 1: Half_adder
Info (12021): Found 1 design units, including 1 entities, in source file Full_adder.bdf
    Info (12023): Found entity 1: Full_adder
Info (12021): Found 1 design units, including 1 entities, in source file adder16and2.bdf
    Info (12023): Found entity 1: adder16and2
Info (12021): Found 1 design units, including 1 entities, in source file MULTIPp2.bdf
    Info (12023): Found entity 1: MULTIPp2
Info (12021): Found 1 design units, including 1 entities, in source file AND16.bdf
    Info (12023): Found entity 1: AND16
Info (12021): Found 1 design units, including 1 entities, in source file multiplier_min_gates.bdf
    Info (12023): Found entity 1: multiplier_min_gates
Info (12127): Elaborating entity "multiplier_min_gates" for the top level hierarchy
Info (12128): Elaborating entity "AND16" for hierarchy "AND16:inst"
Info (12128): Elaborating entity "adder16and2" for hierarchy "adder16and2:inst2"
Info (12128): Elaborating entity "Half_adder" for hierarchy "adder16and2:inst2|Half_adder:inst19"
Info (12128): Elaborating entity "Full_adder" for hierarchy "adder16and2:inst2|Full_adder:inst18"
Info (286030): Timing-Driven Synthesis is running
Info (16010): Generating hard_block partition "hard_block:auto_generated_inst"
    Info (16011): Adding 0 node(s), including 0 DDIO, 0 PLL, 0 transceiver and 0 LCELL
Info (21057): Implemented 346 device resources after synthesis - the final resource count might be different
    Info (21058): Implemented 32 input pins
    Info (21059): Implemented 16 output pins
    Info (21061): Implemented 298 logic cells
Info: Quartus Prime Analysis & Synthesis was successful. 0 errors, 4 warnings
    Info: Peak virtual memory: 1137 megabytes
    Info: Processing ended: Wed May 20 17:46:23 2020
    Info: Elapsed time: 00:00:11
    Info: Total CPU time (on all processors): 00:00:29


